<?xml version="1.0" encoding="UTF-8"?>
<coverage generated="1695878141302" clover="3.2.0">
  <project timestamp="1695878141302" name="All files">
    <metrics statements="36" coveredstatements="35" conditionals="12" coveredconditionals="8" methods="14" coveredmethods="13" elements="62" coveredelements="56" complexity="0" loc="36" ncloc="36" packages="2" files="5" classes="5"/>
    <package name="components">
      <metrics statements="34" coveredstatements="33" conditionals="12" coveredconditionals="8" methods="14" coveredmethods="13"/>
      <file name="Cart.js" path="C:\Users\babul\OneDrive\Desktop\Namaste-React\src\components\Cart.js">
        <metrics statements="5" coveredstatements="5" conditionals="2" coveredconditionals="2" methods="3" coveredmethods="3"/>
        <line num="6" count="1" type="stmt"/>
        <line num="7" count="4" type="stmt"/>
        <line num="8" count="8" type="stmt"/>
        <line num="10" count="4" type="stmt"/>
        <line num="13" count="1" type="stmt"/>
      </file>
      <file name="Header.js" path="C:\Users\babul\OneDrive\Desktop\Namaste-React\src\components\Header.js">
        <metrics statements="7" coveredstatements="6" conditionals="4" coveredconditionals="1" methods="3" coveredmethods="2"/>
        <line num="10" count="1" type="stmt"/>
        <line num="11" count="4" type="stmt"/>
        <line num="12" count="4" type="stmt"/>
        <line num="13" count="4" type="stmt"/>
        <line num="14" count="8" type="stmt"/>
        <line num="18" count="4" type="stmt"/>
        <line num="30" count="0" type="cond" truecount="0" falsecount="2"/>
      </file>
      <file name="ItemList.js" path="C:\Users\babul\OneDrive\Desktop\Namaste-React\src\components\ItemList.js">
        <metrics statements="8" coveredstatements="8" conditionals="2" coveredconditionals="1" methods="4" coveredmethods="4"/>
        <line num="5" count="1" type="stmt"/>
        <line num="6" count="5" type="cond" truecount="1" falsecount="1"/>
        <line num="8" count="5" type="stmt"/>
        <line num="10" count="5" type="stmt"/>
        <line num="11" count="2" type="stmt"/>
        <line num="13" count="5" type="stmt"/>
        <line num="16" count="17" type="stmt"/>
        <line num="26" count="2" type="stmt"/>
      </file>
      <file name="RestaurantMenu.js" path="C:\Users\babul\OneDrive\Desktop\Namaste-React\src\components\RestaurantMenu.js">
        <metrics statements="14" coveredstatements="14" conditionals="4" coveredconditionals="4" methods="4" coveredmethods="4"/>
        <line num="7" count="1" type="stmt"/>
        <line num="8" count="3" type="stmt"/>
        <line num="10" count="3" type="stmt"/>
        <line num="12" count="3" type="stmt"/>
        <line num="15" count="3" type="cond" truecount="2" falsecount="0"/>
        <line num="17" count="2" type="stmt"/>
        <line num="18" count="2" type="stmt"/>
        <line num="19" count="2" type="stmt"/>
        <line num="20" count="2" type="stmt"/>
        <line num="22" count="2" type="stmt"/>
        <line num="23" count="48" type="stmt"/>
        <line num="28" count="2" type="stmt"/>
        <line num="36" count="42" type="stmt"/>
        <line num="37" count="1" type="cond" truecount="2" falsecount="0"/>
      </file>
    </package>
    <package name="utils.Store">
      <metrics statements="2" coveredstatements="2" conditionals="0" coveredconditionals="0" methods="0" coveredmethods="0"/>
      <file name="AppStore.js" path="C:\Users\babul\OneDrive\Desktop\Namaste-React\src\utils\Store\AppStore.js">
        <metrics statements="2" coveredstatements="2" conditionals="0" coveredconditionals="0" methods="0" coveredmethods="0"/>
        <line num="1" count="1" type="stmt"/>
        <line num="4" count="1" type="stmt"/>
      </file>
    </package>
  </project>
</coverage>
