<?xml version="1.0" encoding="UTF-8"?>
<coverage generated="1695872397640" clover="3.2.0">
  <project timestamp="1695872397643" name="All files">
    <metrics statements="40" coveredstatements="38" conditionals="10" coveredconditionals="7" methods="14" coveredmethods="13" elements="64" coveredelements="58" complexity="0" loc="40" ncloc="40" packages="2" files="4" classes="4"/>
    <package name="components">
      <metrics statements="38" coveredstatements="36" conditionals="10" coveredconditionals="7" methods="14" coveredmethods="13"/>
      <file name="Body.js" path="C:\Users\babul\OneDrive\Desktop\Namaste-React\src\components\Body.js">
        <metrics statements="23" coveredstatements="21" conditionals="6" coveredconditionals="5" methods="8" coveredmethods="7"/>
        <line num="10" count="1" type="stmt"/>
        <line num="11" count="4" type="stmt"/>
        <line num="12" count="4" type="stmt"/>
        <line num="13" count="4" type="stmt"/>
        <line num="14" count="4" type="stmt"/>
        <line num="15" count="1" type="stmt"/>
        <line num="17" count="4" type="stmt"/>
        <line num="18" count="1" type="stmt"/>
        <line num="19" count="1" type="stmt"/>
        <line num="21" count="1" type="stmt"/>
        <line num="22" count="1" type="stmt"/>
        <line num="24" count="4" type="stmt"/>
        <line num="25" count="4" type="stmt"/>
        <line num="27" count="4" type="stmt"/>
        <line num="28" count="4" type="cond" truecount="1" falsecount="1"/>
        <line num="29" count="0" type="stmt"/>
        <line num="32" count="4" type="cond" truecount="2" falsecount="0"/>
        <line num="36" count="1" type="stmt"/>
        <line num="40" count="1" type="stmt"/>
        <line num="41" count="6" type="stmt"/>
        <line num="43" count="1" type="stmt"/>
        <line num="49" count="0" type="stmt"/>
        <line num="56" count="13" type="stmt"/>
      </file>
      <file name="Card.js" path="C:\Users\babul\OneDrive\Desktop\Namaste-React\src\components\Card.js">
        <metrics statements="8" coveredstatements="8" conditionals="0" coveredconditionals="0" methods="3" coveredmethods="3"/>
        <line num="6" count="2" type="stmt"/>
        <line num="7" count="15" type="stmt"/>
        <line num="8" count="15" type="stmt"/>
        <line num="9" count="15" type="stmt"/>
        <line num="10" count="15" type="stmt"/>
        <line num="22" count="2" type="stmt"/>
        <line num="23" count="5" type="stmt"/>
        <line num="24" count="10" type="stmt"/>
      </file>
      <file name="Header.js" path="C:\Users\babul\OneDrive\Desktop\Namaste-React\src\components\Header.js">
        <metrics statements="7" coveredstatements="7" conditionals="4" coveredconditionals="2" methods="3" coveredmethods="3"/>
        <line num="10" count="1" type="stmt"/>
        <line num="11" count="5" type="stmt"/>
        <line num="12" count="5" type="stmt"/>
        <line num="13" count="5" type="stmt"/>
        <line num="14" count="9" type="stmt"/>
        <line num="18" count="5" type="stmt"/>
        <line num="30" count="1" type="cond" truecount="1" falsecount="1"/>
      </file>
    </package>
    <package name="utils.Store">
      <metrics statements="2" coveredstatements="2" conditionals="0" coveredconditionals="0" methods="0" coveredmethods="0"/>
      <file name="AppStore.js" path="C:\Users\babul\OneDrive\Desktop\Namaste-React\src\utils\Store\AppStore.js">
        <metrics statements="2" coveredstatements="2" conditionals="0" coveredconditionals="0" methods="0" coveredmethods="0"/>
        <line num="1" count="1" type="stmt"/>
        <line num="4" count="1" type="stmt"/>
      </file>
    </package>
  </project>
</coverage>
