{"C:\\Users\\babul\\OneDrive\\Desktop\\Namaste-React\\src\\components\\Body.js": {"path":"C:\\Users\\babul\\OneDrive\\Desktop\\Namaste-React\\src\\components\\Body.js","statementMap":{"0":{"start":{"line":10,"column":18},"end":{"line":64,"column":1}},"1":{"start":{"line":11,"column":31},"end":{"line":11,"column":43}},"2":{"start":{"line":12,"column":31},"end":{"line":12,"column":43}},"3":{"start":{"line":13,"column":35},"end":{"line":13,"column":47}},"4":{"start":{"line":14,"column":4},"end":{"line":16,"column":10}},"5":{"start":{"line":15,"column":8},"end":{"line":15,"column":20}},"6":{"start":{"line":17,"column":20},"end":{"line":23,"column":5}},"7":{"start":{"line":18,"column":19},"end":{"line":18,"column":203}},"8":{"start":{"line":19,"column":19},"end":{"line":19,"column":36}},"9":{"start":{"line":21,"column":8},"end":{"line":21,"column":46}},"10":{"start":{"line":22,"column":8},"end":{"line":22,"column":46}},"11":{"start":{"line":24,"column":29},"end":{"line":24,"column":52}},"12":{"start":{"line":25,"column":28},"end":{"line":25,"column":47}},"13":{"start":{"line":27,"column":23},"end":{"line":27,"column":40}},"14":{"start":{"line":28,"column":4},"end":{"line":30,"column":5}},"15":{"start":{"line":29,"column":8},"end":{"line":29,"column":72}},"16":{"start":{"line":32,"column":4},"end":{"line":63,"column":5}},"17":{"start":{"line":36,"column":20},"end":{"line":36,"column":50}},"18":{"start":{"line":40,"column":38},"end":{"line":42,"column":22}},"19":{"start":{"line":41,"column":24},"end":{"line":41,"column":103}},"20":{"start":{"line":43,"column":20},"end":{"line":43,"column":44}},"21":{"start":{"line":49,"column":24},"end":{"line":49,"column":52}},"22":{"start":{"line":56,"column":16},"end":{"line":58,"column":24}}},"fnMap":{"0":{"name":"(anonymous_0)","decl":{"start":{"line":10,"column":18},"end":{"line":10,"column":19}},"loc":{"start":{"line":10,"column":22},"end":{"line":64,"column":1}},"line":10},"1":{"name":"(anonymous_1)","decl":{"start":{"line":14,"column":14},"end":{"line":14,"column":15}},"loc":{"start":{"line":14,"column":18},"end":{"line":16,"column":5}},"line":14},"2":{"name":"(anonymous_2)","decl":{"start":{"line":17,"column":20},"end":{"line":17,"column":21}},"loc":{"start":{"line":17,"column":32},"end":{"line":23,"column":5}},"line":17},"3":{"name":"(anonymous_3)","decl":{"start":{"line":35,"column":187},"end":{"line":35,"column":188}},"loc":{"start":{"line":35,"column":192},"end":{"line":37,"column":17}},"line":35},"4":{"name":"(anonymous_4)","decl":{"start":{"line":38,"column":84},"end":{"line":38,"column":85}},"loc":{"start":{"line":38,"column":88},"end":{"line":44,"column":17}},"line":38},"5":{"name":"(anonymous_5)","decl":{"start":{"line":40,"column":53},"end":{"line":40,"column":54}},"loc":{"start":{"line":40,"column":61},"end":{"line":42,"column":21}},"line":40},"6":{"name":"(anonymous_6)","decl":{"start":{"line":48,"column":82},"end":{"line":48,"column":83}},"loc":{"start":{"line":48,"column":87},"end":{"line":50,"column":21}},"line":48},"7":{"name":"(anonymous_7)","decl":{"start":{"line":55,"column":28},"end":{"line":55,"column":29}},"loc":{"start":{"line":56,"column":16},"end":{"line":58,"column":24}},"line":56}},"branchMap":{"0":{"loc":{"start":{"line":28,"column":4},"end":{"line":30,"column":5}},"type":"if","locations":[{"start":{"line":28,"column":4},"end":{"line":30,"column":5}},{"start":{},"end":{}}],"line":28},"1":{"loc":{"start":{"line":32,"column":11},"end":{"line":63,"column":5}},"type":"cond-expr","locations":[{"start":{"line":32,"column":30},"end":{"line":32,"column":49}},{"start":{"line":33,"column":8},"end":{"line":62,"column":14}}],"line":32},"2":{"loc":{"start":{"line":57,"column":20},"end":{"line":57,"column":126}},"type":"cond-expr","locations":[{"start":{"line":57,"column":49},"end":{"line":57,"column":100}},{"start":{"line":57,"column":101},"end":{"line":57,"column":126}}],"line":57}},"s":{"0":1,"1":4,"2":4,"3":4,"4":4,"5":1,"6":4,"7":1,"8":1,"9":1,"10":1,"11":4,"12":4,"13":4,"14":4,"15":0,"16":4,"17":1,"18":1,"19":6,"20":1,"21":0,"22":13},"f":{"0":4,"1":1,"2":1,"3":1,"4":1,"5":6,"6":0,"7":13},"b":{"0":[0,4],"1":[1,3],"2":[9,4]},"_coverageSchema":"1a1c01bbd47fc00a2c39e90264f33305004495a9","hash":"2832c9c91f0f02af9853c369c6f19711bdb22d93"}
,"C:\\Users\\babul\\OneDrive\\Desktop\\Namaste-React\\src\\components\\Card.js": {"path":"C:\\Users\\babul\\OneDrive\\Desktop\\Namaste-React\\src\\components\\Card.js","statementMap":{"0":{"start":{"line":6,"column":11},"end":{"line":20,"column":1}},"1":{"start":{"line":7,"column":17},"end":{"line":7,"column":22}},"2":{"start":{"line":8,"column":4},"end":{"line":8,"column":22}},"3":{"start":{"line":9,"column":17},"end":{"line":9,"column":40}},"4":{"start":{"line":10,"column":4},"end":{"line":19,"column":5}},"5":{"start":{"line":22,"column":27},"end":{"line":31,"column":1}},"6":{"start":{"line":23,"column":4},"end":{"line":30,"column":5}},"7":{"start":{"line":24,"column":8},"end":{"line":29,"column":9}}},"fnMap":{"0":{"name":"(anonymous_0)","decl":{"start":{"line":6,"column":11},"end":{"line":6,"column":12}},"loc":{"start":{"line":6,"column":20},"end":{"line":20,"column":1}},"line":6},"1":{"name":"(anonymous_1)","decl":{"start":{"line":22,"column":27},"end":{"line":22,"column":28}},"loc":{"start":{"line":22,"column":35},"end":{"line":31,"column":1}},"line":22},"2":{"name":"(anonymous_2)","decl":{"start":{"line":23,"column":11},"end":{"line":23,"column":12}},"loc":{"start":{"line":23,"column":20},"end":{"line":30,"column":5}},"line":23}},"branchMap":{},"s":{"0":2,"1":15,"2":15,"3":15,"4":15,"5":2,"6":5,"7":10},"f":{"0":15,"1":5,"2":10},"b":{},"_coverageSchema":"1a1c01bbd47fc00a2c39e90264f33305004495a9","hash":"6b25f37a95ce588bab598c36e1b62ee5ce5af7e3"}
,"C:\\Users\\babul\\OneDrive\\Desktop\\Namaste-React\\src\\components\\Header.js": {"path":"C:\\Users\\babul\\OneDrive\\Desktop\\Namaste-React\\src\\components\\Header.js","statementMap":{"0":{"start":{"line":10,"column":13},"end":{"line":37,"column":1}},"1":{"start":{"line":11,"column":31},"end":{"line":11,"column":48}},"2":{"start":{"line":12,"column":23},"end":{"line":12,"column":40}},"3":{"start":{"line":13,"column":17},"end":{"line":13,"column":40}},"4":{"start":{"line":14,"column":20},"end":{"line":14,"column":58}},"5":{"start":{"line":14,"column":41},"end":{"line":14,"column":57}},"6":{"start":{"line":18,"column":4},"end":{"line":36,"column":5}},"7":{"start":{"line":30,"column":24},"end":{"line":30,"column":82}}},"fnMap":{"0":{"name":"(anonymous_0)","decl":{"start":{"line":10,"column":13},"end":{"line":10,"column":14}},"loc":{"start":{"line":10,"column":17},"end":{"line":37,"column":1}},"line":10},"1":{"name":"(anonymous_1)","decl":{"start":{"line":14,"column":32},"end":{"line":14,"column":33}},"loc":{"start":{"line":14,"column":41},"end":{"line":14,"column":57}},"line":14},"2":{"name":"(anonymous_2)","decl":{"start":{"line":29,"column":60},"end":{"line":29,"column":61}},"loc":{"start":{"line":29,"column":64},"end":{"line":31,"column":21}},"line":29}},"branchMap":{"0":{"loc":{"start":{"line":23,"column":57},"end":{"line":23,"column":85}},"type":"cond-expr","locations":[{"start":{"line":23,"column":76},"end":{"line":23,"column":80}},{"start":{"line":23,"column":81},"end":{"line":23,"column":85}}],"line":23},"1":{"loc":{"start":{"line":30,"column":24},"end":{"line":30,"column":81}},"type":"cond-expr","locations":[{"start":{"line":30,"column":41},"end":{"line":30,"column":61}},{"start":{"line":30,"column":62},"end":{"line":30,"column":81}}],"line":30}},"s":{"0":1,"1":5,"2":5,"3":5,"4":5,"5":9,"6":5,"7":1},"f":{"0":5,"1":9,"2":1},"b":{"0":[5,0],"1":[1,0]},"_coverageSchema":"1a1c01bbd47fc00a2c39e90264f33305004495a9","hash":"c63bc2c43821bd0aff27715d034658d2ccd9a756"}
,"C:\\Users\\babul\\OneDrive\\Desktop\\Namaste-React\\src\\utils\\Store\\AppStore.js": {"path":"C:\\Users\\babul\\OneDrive\\Desktop\\Namaste-React\\src\\utils\\Store\\AppStore.js","statementMap":{"0":{"start":{"line":1,"column":27},"end":{"line":1,"column":54}},"1":{"start":{"line":4,"column":15},"end":{"line":8,"column":2}}},"fnMap":{},"branchMap":{},"s":{"0":1,"1":1},"f":{},"b":{},"_coverageSchema":"1a1c01bbd47fc00a2c39e90264f33305004495a9","hash":"c778709f1f52c67ad32014d3cb121c1e07a479a6"}
}
