{"C:\\Users\\babul\\OneDrive\\Desktop\\Namaste-React\\src\\components\\Cart.js": {"path":"C:\\Users\\babul\\OneDrive\\Desktop\\Namaste-React\\src\\components\\Cart.js","statementMap":{"0":{"start":{"line":6,"column":11},"end":{"line":20,"column":1}},"1":{"start":{"line":7,"column":19},"end":{"line":7,"column":32}},"2":{"start":{"line":8,"column":20},"end":{"line":8,"column":58}},"3":{"start":{"line":8,"column":41},"end":{"line":8,"column":57}},"4":{"start":{"line":10,"column":4},"end":{"line":19,"column":10}},"5":{"start":{"line":13,"column":12},"end":{"line":13,"column":34}}},"fnMap":{"0":{"name":"(anonymous_0)","decl":{"start":{"line":6,"column":11},"end":{"line":6,"column":12}},"loc":{"start":{"line":6,"column":15},"end":{"line":20,"column":1}},"line":6},"1":{"name":"(anonymous_1)","decl":{"start":{"line":8,"column":32},"end":{"line":8,"column":33}},"loc":{"start":{"line":8,"column":41},"end":{"line":8,"column":57}},"line":8},"2":{"name":"(anonymous_2)","decl":{"start":{"line":12,"column":82},"end":{"line":12,"column":83}},"loc":{"start":{"line":12,"column":86},"end":{"line":14,"column":9}},"line":12}},"branchMap":{"0":{"loc":{"start":{"line":15,"column":9},"end":{"line":15,"column":75}},"type":"binary-expr","locations":[{"start":{"line":15,"column":9},"end":{"line":15,"column":29}},{"start":{"line":15,"column":33},"end":{"line":15,"column":75}}],"line":15}},"s":{"0":1,"1":4,"2":4,"3":8,"4":4,"5":1},"f":{"0":4,"1":8,"2":1},"b":{"0":[4,2]},"_coverageSchema":"1a1c01bbd47fc00a2c39e90264f33305004495a9","hash":"8badfc4b6939bf0c1155c9a9f2e6bcd174b55377"}
,"C:\\Users\\babul\\OneDrive\\Desktop\\Namaste-React\\src\\components\\Header.js": {"path":"C:\\Users\\babul\\OneDrive\\Desktop\\Namaste-React\\src\\components\\Header.js","statementMap":{"0":{"start":{"line":10,"column":13},"end":{"line":37,"column":1}},"1":{"start":{"line":11,"column":31},"end":{"line":11,"column":48}},"2":{"start":{"line":12,"column":23},"end":{"line":12,"column":40}},"3":{"start":{"line":13,"column":17},"end":{"line":13,"column":40}},"4":{"start":{"line":14,"column":20},"end":{"line":14,"column":58}},"5":{"start":{"line":14,"column":41},"end":{"line":14,"column":57}},"6":{"start":{"line":18,"column":4},"end":{"line":36,"column":5}},"7":{"start":{"line":30,"column":24},"end":{"line":30,"column":82}}},"fnMap":{"0":{"name":"(anonymous_0)","decl":{"start":{"line":10,"column":13},"end":{"line":10,"column":14}},"loc":{"start":{"line":10,"column":17},"end":{"line":37,"column":1}},"line":10},"1":{"name":"(anonymous_1)","decl":{"start":{"line":14,"column":32},"end":{"line":14,"column":33}},"loc":{"start":{"line":14,"column":41},"end":{"line":14,"column":57}},"line":14},"2":{"name":"(anonymous_2)","decl":{"start":{"line":29,"column":60},"end":{"line":29,"column":61}},"loc":{"start":{"line":29,"column":64},"end":{"line":31,"column":21}},"line":29}},"branchMap":{"0":{"loc":{"start":{"line":23,"column":57},"end":{"line":23,"column":85}},"type":"cond-expr","locations":[{"start":{"line":23,"column":76},"end":{"line":23,"column":80}},{"start":{"line":23,"column":81},"end":{"line":23,"column":85}}],"line":23},"1":{"loc":{"start":{"line":30,"column":24},"end":{"line":30,"column":81}},"type":"cond-expr","locations":[{"start":{"line":30,"column":41},"end":{"line":30,"column":61}},{"start":{"line":30,"column":62},"end":{"line":30,"column":81}}],"line":30}},"s":{"0":1,"1":4,"2":4,"3":4,"4":4,"5":8,"6":4,"7":0},"f":{"0":4,"1":8,"2":0},"b":{"0":[4,0],"1":[0,0]},"_coverageSchema":"1a1c01bbd47fc00a2c39e90264f33305004495a9","hash":"c63bc2c43821bd0aff27715d034658d2ccd9a756"}
,"C:\\Users\\babul\\OneDrive\\Desktop\\Namaste-React\\src\\components\\ItemList.js": {"path":"C:\\Users\\babul\\OneDrive\\Desktop\\Namaste-React\\src\\components\\ItemList.js","statementMap":{"0":{"start":{"line":5,"column":15},"end":{"line":36,"column":1}},"1":{"start":{"line":6,"column":4},"end":{"line":6,"column":42}},"2":{"start":{"line":6,"column":15},"end":{"line":6,"column":42}},"3":{"start":{"line":8,"column":19},"end":{"line":8,"column":32}},"4":{"start":{"line":10,"column":24},"end":{"line":12,"column":5}},"5":{"start":{"line":11,"column":8},"end":{"line":11,"column":33}},"6":{"start":{"line":13,"column":4},"end":{"line":35,"column":11}},"7":{"start":{"line":16,"column":16},"end":{"line":31,"column":22}},"8":{"start":{"line":26,"column":87},"end":{"line":26,"column":106}}},"fnMap":{"0":{"name":"(anonymous_0)","decl":{"start":{"line":5,"column":15},"end":{"line":5,"column":16}},"loc":{"start":{"line":5,"column":26},"end":{"line":36,"column":1}},"line":5},"1":{"name":"(anonymous_1)","decl":{"start":{"line":10,"column":24},"end":{"line":10,"column":25}},"loc":{"start":{"line":10,"column":32},"end":{"line":12,"column":5}},"line":10},"2":{"name":"(anonymous_2)","decl":{"start":{"line":15,"column":22},"end":{"line":15,"column":23}},"loc":{"start":{"line":16,"column":16},"end":{"line":31,"column":22}},"line":16},"3":{"name":"(anonymous_3)","decl":{"start":{"line":26,"column":83},"end":{"line":26,"column":84}},"loc":{"start":{"line":26,"column":87},"end":{"line":26,"column":106}},"line":26}},"branchMap":{"0":{"loc":{"start":{"line":6,"column":4},"end":{"line":6,"column":42}},"type":"if","locations":[{"start":{"line":6,"column":4},"end":{"line":6,"column":42}},{"start":{},"end":{}}],"line":6}},"s":{"0":1,"1":5,"2":0,"3":5,"4":5,"5":2,"6":5,"7":17,"8":2},"f":{"0":5,"1":2,"2":17,"3":2},"b":{"0":[0,5]},"_coverageSchema":"1a1c01bbd47fc00a2c39e90264f33305004495a9","hash":"1c6b2a5f60940e50c7a5d4aede66d5c35884cff6"}
,"C:\\Users\\babul\\OneDrive\\Desktop\\Namaste-React\\src\\components\\RestaurantMenu.js": {"path":"C:\\Users\\babul\\OneDrive\\Desktop\\Namaste-React\\src\\components\\RestaurantMenu.js","statementMap":{"0":{"start":{"line":7,"column":21},"end":{"line":43,"column":1}},"1":{"start":{"line":8,"column":18},"end":{"line":8,"column":29}},"2":{"start":{"line":10,"column":18},"end":{"line":10,"column":42}},"3":{"start":{"line":12,"column":31},"end":{"line":12,"column":43}},"4":{"start":{"line":15,"column":4},"end":{"line":15,"column":44}},"5":{"start":{"line":15,"column":26},"end":{"line":15,"column":44}},"6":{"start":{"line":17,"column":18},"end":{"line":17,"column":54}},"7":{"start":{"line":18,"column":19},"end":{"line":18,"column":59}},"8":{"start":{"line":19,"column":21},"end":{"line":19,"column":70}},"9":{"start":{"line":20,"column":19},"end":{"line":20,"column":97}},"10":{"start":{"line":22,"column":23},"end":{"line":25,"column":6}},"11":{"start":{"line":23,"column":8},"end":{"line":23,"column":64}},"12":{"start":{"line":28,"column":4},"end":{"line":42,"column":5}},"13":{"start":{"line":36,"column":16},"end":{"line":37,"column":120}},"14":{"start":{"line":37,"column":100},"end":{"line":37,"column":117}}},"fnMap":{"0":{"name":"(anonymous_0)","decl":{"start":{"line":7,"column":21},"end":{"line":7,"column":22}},"loc":{"start":{"line":7,"column":25},"end":{"line":43,"column":1}},"line":7},"1":{"name":"(anonymous_1)","decl":{"start":{"line":22,"column":90},"end":{"line":22,"column":91}},"loc":{"start":{"line":22,"column":95},"end":{"line":25,"column":5}},"line":22},"2":{"name":"(anonymous_2)","decl":{"start":{"line":35,"column":33},"end":{"line":35,"column":34}},"loc":{"start":{"line":36,"column":16},"end":{"line":37,"column":120}},"line":36},"3":{"name":"(anonymous_3)","decl":{"start":{"line":37,"column":95},"end":{"line":37,"column":96}},"loc":{"start":{"line":37,"column":100},"end":{"line":37,"column":117}},"line":37}},"branchMap":{"0":{"loc":{"start":{"line":15,"column":4},"end":{"line":15,"column":44}},"type":"if","locations":[{"start":{"line":15,"column":4},"end":{"line":15,"column":44}},{"start":{},"end":{}}],"line":15},"1":{"loc":{"start":{"line":37,"column":53},"end":{"line":37,"column":79}},"type":"cond-expr","locations":[{"start":{"line":37,"column":69},"end":{"line":37,"column":73}},{"start":{"line":37,"column":74},"end":{"line":37,"column":79}}],"line":37}},"s":{"0":1,"1":3,"2":3,"3":3,"4":3,"5":1,"6":2,"7":2,"8":2,"9":2,"10":2,"11":48,"12":2,"13":42,"14":1},"f":{"0":3,"1":48,"2":42,"3":1},"b":{"0":[1,2],"1":[1,41]},"_coverageSchema":"1a1c01bbd47fc00a2c39e90264f33305004495a9","hash":"6b3f32615ea7ce20790642ee3f88a2a74e5c59ab"}
,"C:\\Users\\babul\\OneDrive\\Desktop\\Namaste-React\\src\\utils\\Store\\AppStore.js": {"path":"C:\\Users\\babul\\OneDrive\\Desktop\\Namaste-React\\src\\utils\\Store\\AppStore.js","statementMap":{"0":{"start":{"line":1,"column":27},"end":{"line":1,"column":54}},"1":{"start":{"line":4,"column":15},"end":{"line":8,"column":2}}},"fnMap":{},"branchMap":{},"s":{"0":1,"1":1},"f":{},"b":{},"_coverageSchema":"1a1c01bbd47fc00a2c39e90264f33305004495a9","hash":"c778709f1f52c67ad32014d3cb121c1e07a479a6"}
}
