TN:
SF:src\components\Cart.js
FN:6,(anonymous_0)
FN:8,(anonymous_1)
FN:12,(anonymous_2)
FNF:3
FNH:3
FNDA:4,(anonymous_0)
FNDA:8,(anonymous_1)
FNDA:1,(anonymous_2)
DA:6,1
DA:7,4
DA:8,8
DA:10,4
DA:13,1
LF:5
LH:5
BRDA:15,0,0,4
BRDA:15,0,1,2
BRF:2
BRH:2
end_of_record
TN:
SF:src\components\Header.js
FN:10,(anonymous_0)
FN:14,(anonymous_1)
FN:29,(anonymous_2)
FNF:3
FNH:2
FNDA:4,(anonymous_0)
FNDA:8,(anonymous_1)
FNDA:0,(anonymous_2)
DA:10,1
DA:11,4
DA:12,4
DA:13,4
DA:14,8
DA:18,4
DA:30,0
LF:7
LH:6
BRDA:23,0,0,4
BRDA:23,0,1,0
BRDA:30,1,0,0
BRDA:30,1,1,0
BRF:4
BRH:1
end_of_record
TN:
SF:src\components\ItemList.js
FN:5,(anonymous_0)
FN:10,(anonymous_1)
FN:15,(anonymous_2)
FN:26,(anonymous_3)
FNF:4
FNH:4
FNDA:5,(anonymous_0)
FNDA:2,(anonymous_1)
FNDA:17,(anonymous_2)
FNDA:2,(anonymous_3)
DA:5,1
DA:6,5
DA:8,5
DA:10,5
DA:11,2
DA:13,5
DA:16,17
DA:26,2
LF:8
LH:8
BRDA:6,0,0,0
BRDA:6,0,1,5
BRF:2
BRH:1
end_of_record
TN:
SF:src\components\RestaurantMenu.js
FN:7,(anonymous_0)
FN:22,(anonymous_1)
FN:35,(anonymous_2)
FN:37,(anonymous_3)
FNF:4
FNH:4
FNDA:3,(anonymous_0)
FNDA:48,(anonymous_1)
FNDA:42,(anonymous_2)
FNDA:1,(anonymous_3)
DA:7,1
DA:8,3
DA:10,3
DA:12,3
DA:15,3
DA:17,2
DA:18,2
DA:19,2
DA:20,2
DA:22,2
DA:23,48
DA:28,2
DA:36,42
DA:37,1
LF:14
LH:14
BRDA:15,0,0,1
BRDA:15,0,1,2
BRDA:37,1,0,1
BRDA:37,1,1,41
BRF:4
BRH:4
end_of_record
TN:
SF:src\utils\Store\AppStore.js
FNF:0
FNH:0
DA:1,1
DA:4,1
LF:2
LH:2
BRF:0
BRH:0
end_of_record
