TN:
SF:src\components\Body.js
FN:10,(anonymous_0)
FN:14,(anonymous_1)
FN:17,(anonymous_2)
FN:35,(anonymous_3)
FN:38,(anonymous_4)
FN:40,(anonymous_5)
FN:48,(anonymous_6)
FN:55,(anonymous_7)
FNF:8
FNH:7
FNDA:4,(anonymous_0)
FNDA:1,(anonymous_1)
FNDA:1,(anonymous_2)
FNDA:1,(anonymous_3)
FNDA:1,(anonymous_4)
FNDA:6,(anonymous_5)
FNDA:0,(anonymous_6)
FNDA:13,(anonymous_7)
DA:10,1
DA:11,4
DA:12,4
DA:13,4
DA:14,4
DA:15,1
DA:17,4
DA:18,1
DA:19,1
DA:21,1
DA:22,1
DA:24,4
DA:25,4
DA:27,4
DA:28,4
DA:29,0
DA:32,4
DA:36,1
DA:40,1
DA:41,6
DA:43,1
DA:49,0
DA:56,13
LF:23
LH:21
BRDA:28,0,0,0
BRDA:28,0,1,4
BRDA:32,1,0,1
BRDA:32,1,1,3
BRDA:57,2,0,9
BRDA:57,2,1,4
BRF:6
BRH:5
end_of_record
TN:
SF:src\components\Card.js
FN:6,(anonymous_0)
FN:22,(anonymous_1)
FN:23,(anonymous_2)
FNF:3
FNH:3
FNDA:15,(anonymous_0)
FNDA:5,(anonymous_1)
FNDA:10,(anonymous_2)
DA:6,2
DA:7,15
DA:8,15
DA:9,15
DA:10,15
DA:22,2
DA:23,5
DA:24,10
LF:8
LH:8
BRF:0
BRH:0
end_of_record
TN:
SF:src\components\Header.js
FN:10,(anonymous_0)
FN:14,(anonymous_1)
FN:29,(anonymous_2)
FNF:3
FNH:3
FNDA:5,(anonymous_0)
FNDA:9,(anonymous_1)
FNDA:1,(anonymous_2)
DA:10,1
DA:11,5
DA:12,5
DA:13,5
DA:14,9
DA:18,5
DA:30,1
LF:7
LH:7
BRDA:23,0,0,5
BRDA:23,0,1,0
BRDA:30,1,0,1
BRDA:30,1,1,0
BRF:4
BRH:2
end_of_record
TN:
SF:src\utils\Store\AppStore.js
FNF:0
FNH:0
DA:1,1
DA:4,1
LF:2
LH:2
BRF:0
BRH:0
end_of_record
